<?xml version="1.0" encoding="UTF-8"?>
<testsuite name="TestSuite" time="0.048" tests="28" errors="0" skipped="0" failures="0">
  <properties>
    <property name="java.runtime.name" value="OpenJDK Runtime Environment"/>
    <property name="sun.boot.library.path" value="/usr/lib/jvm/java-8-openjdk-amd64/jre/lib/amd64"/>
    <property name="java.vm.version" value="25.282-b08"/>
    <property name="java.vm.vendor" value="Private Build"/>
    <property name="maven.multiModuleProjectDirectory" value="/home/meena/eclipse-workspace/examination-calculator"/>
    <property name="java.vendor.url" value="http://java.oracle.com/"/>
    <property name="path.separator" value=":"/>
    <property name="guice.disable.misplaced.annotation.check" value="true"/>
    <property name="java.vm.name" value="OpenJDK 64-Bit Server VM"/>
    <property name="file.encoding.pkg" value="sun.io"/>
    <property name="user.country" value="US"/>
    <property name="sun.java.launcher" value="SUN_STANDARD"/>
    <property name="sun.os.patch.level" value="unknown"/>
    <property name="java.vm.specification.name" value="Java Virtual Machine Specification"/>
    <property name="user.dir" value="/home/meena/eclipse-workspace/examination-calculator"/>
    <property name="java.runtime.version" value="1.8.0_282-8u282-b08-0ubuntu1~18.04-b08"/>
    <property name="java.awt.graphicsenv" value="sun.awt.X11GraphicsEnvironment"/>
    <property name="java.endorsed.dirs" value="/usr/lib/jvm/java-8-openjdk-amd64/jre/lib/endorsed"/>
    <property name="os.arch" value="amd64"/>
    <property name="java.io.tmpdir" value="/tmp"/>
    <property name="line.separator" value="&#10;"/>
    <property name="java.vm.specification.vendor" value="Oracle Corporation"/>
    <property name="os.name" value="Linux"/>
    <property name="classworlds.conf" value="/home/meena/eclipse-workspace/.metadata/.plugins/org.eclipse.m2e.launching/launches/m2conf8211941229654284891.tmp"/>
    <property name="sun.jnu.encoding" value="UTF-8"/>
    <property name="java.library.path" value="/usr/java/packages/lib/amd64:/usr/lib/x86_64-linux-gnu/jni:/lib/x86_64-linux-gnu:/usr/lib/x86_64-linux-gnu:/usr/lib/jni:/lib:/usr/lib"/>
    <property name="java.specification.name" value="Java Platform API Specification"/>
    <property name="java.class.version" value="52.0"/>
    <property name="sun.management.compiler" value="HotSpot 64-Bit Tiered Compilers"/>
    <property name="os.version" value="5.4.0-70-generic"/>
    <property name="user.home" value="/home/meena"/>
    <property name="user.timezone" value="Europe/Stockholm"/>
    <property name="java.awt.printerjob" value="sun.print.PSPrinterJob"/>
    <property name="file.encoding" value="UTF-8"/>
    <property name="java.specification.version" value="1.8"/>
    <property name="user.name" value="meena"/>
    <property name="java.class.path" value="/snap/eclipse/48/plugins/org.eclipse.m2e.maven.runtime_1.14.0.20191209-1923/jars/plexus-classworlds-2.6.0.jar"/>
    <property name="java.vm.specification.version" value="1.8"/>
    <property name="sun.arch.data.model" value="64"/>
    <property name="java.home" value="/usr/lib/jvm/java-8-openjdk-amd64/jre"/>
    <property name="sun.java.command" value="org.codehaus.plexus.classworlds.launcher.Launcher -B install"/>
    <property name="java.specification.vendor" value="Oracle Corporation"/>
    <property name="user.language" value="en"/>
    <property name="awt.toolkit" value="sun.awt.X11.XToolkit"/>
    <property name="java.vm.info" value="mixed mode"/>
    <property name="java.version" value="1.8.0_282"/>
    <property name="java.ext.dirs" value="/usr/lib/jvm/java-8-openjdk-amd64/jre/lib/ext:/usr/java/packages/lib/ext"/>
    <property name="securerandom.source" value="file:/dev/./urandom"/>
    <property name="sun.boot.class.path" value="/usr/lib/jvm/java-8-openjdk-amd64/jre/lib/resources.jar:/usr/lib/jvm/java-8-openjdk-amd64/jre/lib/rt.jar:/usr/lib/jvm/java-8-openjdk-amd64/jre/lib/sunrsasign.jar:/usr/lib/jvm/java-8-openjdk-amd64/jre/lib/jsse.jar:/usr/lib/jvm/java-8-openjdk-amd64/jre/lib/jce.jar:/usr/lib/jvm/java-8-openjdk-amd64/jre/lib/charsets.jar:/usr/lib/jvm/java-8-openjdk-amd64/jre/lib/jfr.jar:/usr/lib/jvm/java-8-openjdk-amd64/jre/classes"/>
    <property name="java.vendor" value="Private Build"/>
    <property name="maven.home" value="/home/meena/eclipse-workspace/examination-calculator/EMBEDDED"/>
    <property name="file.separator" value="/"/>
    <property name="java.vendor.url.bug" value="http://bugreport.sun.com/bugreport/"/>
    <property name="sun.cpu.endian" value="little"/>
    <property name="sun.io.unicode.encoding" value="UnicodeLittle"/>
    <property name="sun.desktop" value="gnome"/>
    <property name="sun.cpu.isalist" value=""/>
  </properties>
  <testcase name="testRaisedToThePowerOfZero on testRaisedToThePowerOfZero(com.assignment.calculator.examination_calculator.AdvancedCalculatorTest)" classname="com.assignment.calculator.examination_calculator.AdvancedCalculatorTest" time="0.002"/>
  <testcase name="testSquareRootZero on testSquareRootZero(com.assignment.calculator.examination_calculator.AdvancedCalculatorTest)" classname="com.assignment.calculator.examination_calculator.AdvancedCalculatorTest" time="0"/>
  <testcase name="testSquareRootPositive on testSquareRootPositive(com.assignment.calculator.examination_calculator.AdvancedCalculatorTest)" classname="com.assignment.calculator.examination_calculator.AdvancedCalculatorTest" time="0.002"/>
  <testcase name="testModulusZero on testModulusZero(com.assignment.calculator.examination_calculator.AdvancedCalculatorTest)" classname="com.assignment.calculator.examination_calculator.AdvancedCalculatorTest" time="0.002"/>
  <testcase name="testSquarePositive on testSquarePositive(com.assignment.calculator.examination_calculator.AdvancedCalculatorTest)" classname="com.assignment.calculator.examination_calculator.AdvancedCalculatorTest" time="0"/>
  <testcase name="testSquareNegative on testSquareNegative(com.assignment.calculator.examination_calculator.AdvancedCalculatorTest)" classname="com.assignment.calculator.examination_calculator.AdvancedCalculatorTest" time="0.001"/>
  <testcase name="testAbsoluteValueZero on testAbsoluteValueZero(com.assignment.calculator.examination_calculator.AdvancedCalculatorTest)" classname="com.assignment.calculator.examination_calculator.AdvancedCalculatorTest" time="0.001"/>
  <testcase name="testModulusPositive on testModulusPositive(com.assignment.calculator.examination_calculator.AdvancedCalculatorTest)" classname="com.assignment.calculator.examination_calculator.AdvancedCalculatorTest" time="0.006"/>
  <testcase name="testModulusNegative on testModulusNegative(com.assignment.calculator.examination_calculator.AdvancedCalculatorTest)" classname="com.assignment.calculator.examination_calculator.AdvancedCalculatorTest" time="0.007"/>
  <testcase name="testAbsoluteValuePositive on testAbsoluteValuePositive(com.assignment.calculator.examination_calculator.AdvancedCalculatorTest)" classname="com.assignment.calculator.examination_calculator.AdvancedCalculatorTest" time="0"/>
  <testcase name="testAbsoluteValueNegative on testAbsoluteValueNegative(com.assignment.calculator.examination_calculator.AdvancedCalculatorTest)" classname="com.assignment.calculator.examination_calculator.AdvancedCalculatorTest" time="0.001"/>
  <testcase name="testSquareZero on testSquareZero(com.assignment.calculator.examination_calculator.AdvancedCalculatorTest)" classname="com.assignment.calculator.examination_calculator.AdvancedCalculatorTest" time="0"/>
  <testcase name="testRaisedToThePowerOfPositive on testRaisedToThePowerOfPositive(com.assignment.calculator.examination_calculator.AdvancedCalculatorTest)" classname="com.assignment.calculator.examination_calculator.AdvancedCalculatorTest" time="0.001"/>
  <testcase name="testRaisedToThePowerOfNegative on testRaisedToThePowerOfNegative(com.assignment.calculator.examination_calculator.AdvancedCalculatorTest)" classname="com.assignment.calculator.examination_calculator.AdvancedCalculatorTest" time="0.003"/>
  <testcase name="testMultiplicationZero on testMultiplicationZero(com.assignment.calculator.examination_calculator.BasicCalculatorTest)" classname="com.assignment.calculator.examination_calculator.BasicCalculatorTest" time="0.001"/>
  <testcase name="testAdditionPositive on testAdditionPositive(com.assignment.calculator.examination_calculator.BasicCalculatorTest)" classname="com.assignment.calculator.examination_calculator.BasicCalculatorTest" time="0.005"/>
  <testcase name="testAdditionNegative on testAdditionNegative(com.assignment.calculator.examination_calculator.BasicCalculatorTest)" classname="com.assignment.calculator.examination_calculator.BasicCalculatorTest" time="0.003"/>
  <testcase name="testDivisionZero on testDivisionZero(com.assignment.calculator.examination_calculator.BasicCalculatorTest)" classname="com.assignment.calculator.examination_calculator.BasicCalculatorTest" time="0"/>
  <testcase name="testMultiplicationPositive on testMultiplicationPositive(com.assignment.calculator.examination_calculator.BasicCalculatorTest)" classname="com.assignment.calculator.examination_calculator.BasicCalculatorTest" time="0.001"/>
  <testcase name="testDivisionPositive on testDivisionPositive(com.assignment.calculator.examination_calculator.BasicCalculatorTest)" classname="com.assignment.calculator.examination_calculator.BasicCalculatorTest" time="0.002"/>
  <testcase name="testMultiplicationNegative on testMultiplicationNegative(com.assignment.calculator.examination_calculator.BasicCalculatorTest)" classname="com.assignment.calculator.examination_calculator.BasicCalculatorTest" time="0.002"/>
  <testcase name="testDivisionNegative on testDivisionNegative(com.assignment.calculator.examination_calculator.BasicCalculatorTest)" classname="com.assignment.calculator.examination_calculator.BasicCalculatorTest" time="0.001"/>
  <testcase name="testSubtractionZero on testSubtractionZero(com.assignment.calculator.examination_calculator.BasicCalculatorTest)" classname="com.assignment.calculator.examination_calculator.BasicCalculatorTest" time="0"/>
  <testcase name="testAdditionZero on testAdditionZero(com.assignment.calculator.examination_calculator.BasicCalculatorTest)" classname="com.assignment.calculator.examination_calculator.BasicCalculatorTest" time="0.001"/>
  <testcase name="testSubtractionPositive on testSubtractionPositive(com.assignment.calculator.examination_calculator.BasicCalculatorTest)" classname="com.assignment.calculator.examination_calculator.BasicCalculatorTest" time="0.004"/>
  <testcase name="testSubtractionNegative on testSubtractionNegative(com.assignment.calculator.examination_calculator.BasicCalculatorTest)" classname="com.assignment.calculator.examination_calculator.BasicCalculatorTest" time="0.001"/>
  <testcase name="testBasicCalculator on testBasicCalculator(com.assignment.calculator.examination_calculator.MainTest)" classname="com.assignment.calculator.examination_calculator.MainTest" time="0.001"/>
  <testcase name="testAdvancedCalculator on testAdvancedCalculator(com.assignment.calculator.examination_calculator.MainTest)" classname="com.assignment.calculator.examination_calculator.MainTest" time="0"/>
</testsuite>