<?xml version="1.0" encoding="UTF-8"?>
<!-- Generated by org.testng.reporters.JUnitReportReporter -->
<testsuite hostname="meena-VirtualBox" name="com.assignment.calculator.examination_calculator.MainTest" tests="2" failures="0" timestamp="1 Apr 2021 11:45:43 GMT" time="0.000" errors="0">
  <testcase name="testAdvancedCalculator" time="0.000" classname="com.assignment.calculator.examination_calculator.MainTest"/>
  <testcase name="testBasicCalculator" time="0.000" classname="com.assignment.calculator.examination_calculator.MainTest"/>
</testsuite> <!-- com.assignment.calculator.examination_calculator.MainTest -->
