<?xml version="1.0" encoding="UTF-8"?>
<!-- Generated by org.testng.reporters.JUnitReportReporter -->
<testsuite hostname="meena-VirtualBox" name="com.assignment.calculator.examination_calculator.BasicCalculatorTest" tests="12" failures="0" timestamp="1 Apr 2021 11:45:43 GMT" time="0.019" errors="0">
  <testcase name="testMultiplicationNegative" time="0.002" classname="com.assignment.calculator.examination_calculator.BasicCalculatorTest"/>
  <testcase name="testAdditionPositive" time="0.005" classname="com.assignment.calculator.examination_calculator.BasicCalculatorTest"/>
  <testcase name="testMultiplicationZero" time="0.001" classname="com.assignment.calculator.examination_calculator.BasicCalculatorTest"/>
  <testcase name="testAdditionNegative" time="0.001" classname="com.assignment.calculator.examination_calculator.BasicCalculatorTest"/>
  <testcase name="testSubtractionZero" time="0.000" classname="com.assignment.calculator.examination_calculator.BasicCalculatorTest"/>
  <testcase name="testDivisionZero" time="0.002" classname="com.assignment.calculator.examination_calculator.BasicCalculatorTest"/>
  <testcase name="testMultiplicationPositive" time="0.001" classname="com.assignment.calculator.examination_calculator.BasicCalculatorTest"/>
  <testcase name="testDivisionNegative" time="0.001" classname="com.assignment.calculator.examination_calculator.BasicCalculatorTest"/>
  <testcase name="testAdditionZero" time="0.000" classname="com.assignment.calculator.examination_calculator.BasicCalculatorTest"/>
  <testcase name="testDivisionPositive" time="0.001" classname="com.assignment.calculator.examination_calculator.BasicCalculatorTest"/>
  <testcase name="testSubtractionPositive" time="0.004" classname="com.assignment.calculator.examination_calculator.BasicCalculatorTest"/>
  <testcase name="testSubtractionNegative" time="0.001" classname="com.assignment.calculator.examination_calculator.BasicCalculatorTest"/>
</testsuite> <!-- com.assignment.calculator.examination_calculator.BasicCalculatorTest -->
