<?xml version="1.0" encoding="UTF-8"?>
<!-- Generated by org.testng.reporters.JUnitReportReporter -->
<testsuite hostname="meena-VirtualBox" name="com.assignment.calculator.examination_calculator.AdvancedCalculatorTest" tests="14" failures="0" timestamp="1 Apr 2021 11:45:43 GMT" time="0.029" errors="0">
  <testcase name="testModulusZero" time="0.001" classname="com.assignment.calculator.examination_calculator.AdvancedCalculatorTest"/>
  <testcase name="testAbsoluteValuePositive" time="0.001" classname="com.assignment.calculator.examination_calculator.AdvancedCalculatorTest"/>
  <testcase name="testAbsoluteValueZero" time="0.000" classname="com.assignment.calculator.examination_calculator.AdvancedCalculatorTest"/>
  <testcase name="testModulusNegative" time="0.003" classname="com.assignment.calculator.examination_calculator.AdvancedCalculatorTest"/>
  <testcase name="testSquareRootZero" time="0.001" classname="com.assignment.calculator.examination_calculator.AdvancedCalculatorTest"/>
  <testcase name="testSquareZero" time="0.001" classname="com.assignment.calculator.examination_calculator.AdvancedCalculatorTest"/>
  <testcase name="testSquareNegative" time="0.004" classname="com.assignment.calculator.examination_calculator.AdvancedCalculatorTest"/>
  <testcase name="testSquarePositive" time="0.000" classname="com.assignment.calculator.examination_calculator.AdvancedCalculatorTest"/>
  <testcase name="testRaisedToThePowerOfPositive" time="0.001" classname="com.assignment.calculator.examination_calculator.AdvancedCalculatorTest"/>
  <testcase name="testSquareRootPositive" time="0.002" classname="com.assignment.calculator.examination_calculator.AdvancedCalculatorTest"/>
  <testcase name="testModulusPositive" time="0.006" classname="com.assignment.calculator.examination_calculator.AdvancedCalculatorTest"/>
  <testcase name="testAbsoluteValueNegative" time="0.003" classname="com.assignment.calculator.examination_calculator.AdvancedCalculatorTest"/>
  <testcase name="testRaisedToThePowerOfNegative" time="0.002" classname="com.assignment.calculator.examination_calculator.AdvancedCalculatorTest"/>
  <testcase name="testRaisedToThePowerOfZero" time="0.004" classname="com.assignment.calculator.examination_calculator.AdvancedCalculatorTest"/>
</testsuite> <!-- com.assignment.calculator.examination_calculator.AdvancedCalculatorTest -->
